# JRE version: Java(TM) SE Runtime Environment (8.0_162-b12) (build 1.8.0_162-b12)
# Java VM: Java HotSpot(TM) 64-Bit Server VM (25.162-b12 mixed mode windows-amd64 compressed oops)
Heap:
 PSYoungGen      total 279040K, used 113531K [0x0000000780800000, 0x0000000793480000, 0x00000007c0000000)
  eden space 266752K, 42% used [0x0000000780800000,0x00000007876deeb8,0x0000000790c80000)
  from space 12288K, 0% used [0x0000000792880000,0x0000000792880000,0x0000000793480000)
  to   space 20480K, 0% used [0x0000000790c80000,0x0000000790c80000,0x0000000792080000)
 ParOldGen       total 106496K, used 23104K [0x0000000701800000, 0x0000000708000000, 0x0000000780800000)
  object space 106496K, 21% used [0x0000000701800000,0x0000000702e90050,0x0000000708000000)
 Metaspace       used 55086K, capacity 57482K, committed 57856K, reserved 1099776K
  class space    used 7587K, capacity 8072K, committed 8192K, reserved 1048576K
GC Heap History (10 events):
Event: 5.223 GC heap before
{Heap before GC invocations=10 (full 2):
 PSYoungGen      total 183296K, used 168960K [0x0000000780800000, 0x0000000794200000, 0x00000007c0000000)
  eden space 168960K, 100% used [0x0000000780800000,0x000000078ad00000,0x000000078ad00000)
  from space 14336K, 0% used [0x000000078ad00000,0x000000078ad00000,0x000000078bb00000)
  to   space 17408K, 0% used [0x0000000793100000,0x0000000793100000,0x0000000794200000)
 ParOldGen       total 106496K, used 21035K [0x0000000701800000, 0x0000000708000000, 0x0000000780800000)
  object space 106496K, 19% used [0x0000000701800000,0x0000000702c8af88,0x0000000708000000)
 Metaspace       used 47474K, capacity 49436K, committed 49536K, reserved 1091584K
  class space    used 6604K, capacity 6983K, committed 7040K, reserved 1048576K
Event: 5.240 GC heap after
Heap after GC invocations=10 (full 2):
 PSYoungGen      total 283648K, used 16791K [0x0000000780800000, 0x0000000794180000, 0x00000007c0000000)
  eden space 266752K, 0% used [0x0000000780800000,0x0000000780800000,0x0000000790c80000)
  from space 16896K, 99% used [0x0000000793100000,0x0000000794165d10,0x0000000794180000)
  to   space 19968K, 0% used [0x0000000791a80000,0x0000000791a80000,0x0000000792e00000)
 ParOldGen       total 106496K, used 21043K [0x0000000701800000, 0x0000000708000000, 0x0000000780800000)
  object space 106496K, 19% used [0x0000000701800000,0x0000000702c8cf88,0x0000000708000000)
 Metaspace       used 47474K, capacity 49436K, committed 49536K, reserved 1091584K
  class space    used 6604K, capacity 6983K, committed 7040K, reserved 1048576K
}
Event: 104.866 GC heap before
{Heap before GC invocations=11 (full 2):
 PSYoungGen      total 283648K, used 125583K [0x0000000780800000, 0x0000000794180000, 0x00000007c0000000)
  eden space 266752K, 40% used [0x0000000780800000,0x000000078723e158,0x0000000790c80000)
  from space 16896K, 99% used [0x0000000793100000,0x0000000794165d10,0x0000000794180000)
  to   space 19968K, 0% used [0x0000000791a80000,0x0000000791a80000,0x0000000792e00000)
 ParOldGen       total 106496K, used 21043K [0x0000000701800000, 0x0000000708000000, 0x0000000780800000)
  object space 106496K, 19% used [0x0000000701800000,0x0000000702c8cf88,0x0000000708000000)
 Metaspace       used 54818K, capacity 57000K, committed 57216K, reserved 1097728K
  class space    used 7546K, capacity 7962K, committed 8064K, reserved 1048576K
Event: 104.882 GC heap after
Heap after GC invocations=11 (full 2):
 PSYoungGen      total 281088K, used 14197K [0x0000000780800000, 0x0000000793480000, 0x00000007c0000000)
  eden space 266752K, 0% used [0x0000000780800000,0x0000000780800000,0x0000000790c80000)
  from space 14336K, 99% used [0x0000000791a80000,0x000000079285d7c8,0x0000000792880000)
  to   space 12288K, 0% used [0x0000000792880000,0x0000000792880000,0x0000000793480000)
 ParOldGen       total 106496K, used 21051K [0x0000000701800000, 0x0000000708000000, 0x0000000780800000)
  object space 106496K, 19% used [0x0000000701800000,0x0000000702c8ef88,0x0000000708000000)
 Metaspace       used 54818K, capacity 57000K, committed 57216K, reserved 1097728K
  class space    used 7546K, capacity 7962K, committed 8064K, reserved 1048576K
}
Event: 104.882 GC heap before
{Heap before GC invocations=12 (full 3):
 PSYoungGen      total 281088K, used 14197K [0x0000000780800000, 0x0000000793480000, 0x00000007c0000000)
  eden space 266752K, 0% used [0x0000000780800000,0x0000000780800000,0x0000000790c80000)
  from space 14336K, 99% used [0x0000000791a80000,0x000000079285d7c8,0x0000000792880000)
  to   space 12288K, 0% used [0x0000000792880000,0x0000000792880000,0x0000000793480000)
 ParOldGen       total 106496K, used 21051K [0x0000000701800000, 0x0000000708000000, 0x0000000780800000)
  object space 106496K, 19% used [0x0000000701800000,0x0000000702c8ef88,0x0000000708000000)
 Metaspace       used 54818K, capacity 57000K, committed 57216K, reserved 1097728K
  class space    used 7546K, capacity 7962K, committed 8064K, reserved 1048576K
Event: 105.039 GC heap after
Heap after GC invocations=12 (full 3):
 PSYoungGen      total 281088K, used 0K [0x0000000780800000, 0x0000000793480000, 0x00000007c0000000)
  eden space 266752K, 0% used [0x0000000780800000,0x0000000780800000,0x0000000790c80000)
  from space 14336K, 0% used [0x0000000791a80000,0x0000000791a80000,0x0000000792880000)
  to   space 12288K, 0% used [0x0000000792880000,0x0000000792880000,0x0000000793480000)
 ParOldGen       total 106496K, used 28420K [0x0000000701800000, 0x0000000708000000, 0x0000000780800000)
  object space 106496K, 26% used [0x0000000701800000,0x00000007033c1038,0x0000000708000000)
 Metaspace       used 54811K, capacity 56982K, committed 57216K, reserved 1097728K
  class space    used 7544K, capacity 7959K, committed 8064K, reserved 1048576K
}
Event: 109.263 GC heap before
{Heap before GC invocations=13 (full 3):
 PSYoungGen      total 281088K, used 162465K [0x0000000780800000, 0x0000000793480000, 0x00000007c0000000)
  eden space 266752K, 60% used [0x0000000780800000,0x000000078a6a84a8,0x0000000790c80000)
  from space 14336K, 0% used [0x0000000791a80000,0x0000000791a80000,0x0000000792880000)
  to   space 12288K, 0% used [0x0000000792880000,0x0000000792880000,0x0000000793480000)
 ParOldGen       total 106496K, used 28420K [0x0000000701800000, 0x0000000708000000, 0x0000000780800000)
  object space 106496K, 26% used [0x0000000701800000,0x00000007033c1038,0x0000000708000000)
 Metaspace       used 55005K, capacity 57364K, committed 57472K, reserved 1099776K
  class space    used 7576K, capacity 8059K, committed 8064K, reserved 1048576K
Event: 109.269 GC heap after
Heap after GC invocations=13 (full 3):
 PSYoungGen      total 279040K, used 3861K [0x0000000780800000, 0x0000000793480000, 0x00000007c0000000)
  eden space 266752K, 0% used [0x0000000780800000,0x0000000780800000,0x0000000790c80000)
  from space 12288K, 31% used [0x0000000792880000,0x0000000792c45528,0x0000000793480000)
  to   space 20480K, 0% used [0x0000000790c80000,0x0000000790c80000,0x0000000792080000)
 ParOldGen       total 106496K, used 28428K [0x0000000701800000, 0x0000000708000000, 0x0000000780800000)
  object space 106496K, 26% used [0x0000000701800000,0x00000007033c3038,0x0000000708000000)
 Metaspace       used 55005K, capacity 57364K, committed 57472K, reserved 1099776K
  class space    used 7576K, capacity 8059K, committed 8064K, reserved 1048576K
}
Event: 109.269 GC heap before
{Heap before GC invocations=14 (full 4):
 PSYoungGen      total 279040K, used 3861K [0x0000000780800000, 0x0000000793480000, 0x00000007c0000000)
  eden space 266752K, 0% used [0x0000000780800000,0x0000000780800000,0x0000000790c80000)
  from space 12288K, 31% used [0x0000000792880000,0x0000000792c45528,0x0000000793480000)
  to   space 20480K, 0% used [0x0000000790c80000,0x0000000790c80000,0x0000000792080000)
 ParOldGen       total 106496K, used 28428K [0x0000000701800000, 0x0000000708000000, 0x0000000780800000)
  object space 106496K, 26% used [0x0000000701800000,0x00000007033c3038,0x0000000708000000)
 Metaspace       used 55005K, capacity 57364K, committed 57472K, reserved 1099776K
  class space    used 7576K, capacity 8059K, committed 8064K, reserved 1048576K
Event: 109.452 GC heap after
Heap after GC invocations=14 (full 4):
 PSYoungGen      total 279040K, used 0K [0x0000000780800000, 0x0000000793480000, 0x00000007c0000000)
  eden space 266752K, 0% used [0x0000000780800000,0x0000000780800000,0x0000000790c80000)
  from space 12288K, 0% used [0x0000000792880000,0x0000000792880000,0x0000000793480000)
  to   space 20480K, 0% used [0x0000000790c80000,0x0000000790c80000,0x0000000792080000)
 ParOldGen       total 106496K, used 23104K [0x0000000701800000, 0x0000000708000000, 0x0000000780800000)
  object space 106496K, 21% used [0x0000000701800000,0x0000000702e90050,0x0000000708000000)
 Metaspace       used 55001K, capacity 57358K, committed 57472K, reserved 1099776K
  class space    used 7575K, capacity 8058K, committed 8064K, reserved 1048576K
}

